[Sat Jul 05 06:14:26.283978 2025] [ssl:warn] [pid 21220:tid 380] AH01909: www.example.com:443:0 server certificate does NOT include an ID which matches the server name
[Sat Jul 05 06:14:26.405539 2025] [ssl:warn] [pid 21220:tid 380] AH01909: www.example.com:443:0 server certificate does NOT include an ID which matches the server name
[Sat Jul 05 06:14:26.717488 2025] [mpm_winnt:notice] [pid 21220:tid 380] AH00455: Apache/2.4.58 (Win64) OpenSSL/3.1.3 PHP/8.2.12 configured -- resuming normal operations
[Sat Jul 05 06:14:26.717488 2025] [mpm_winnt:notice] [pid 21220:tid 380] AH00456: Apache Lounge VS17 Server built: Oct 18 2023 13:03:18
[Sat Jul 05 06:14:26.717488 2025] [core:notice] [pid 21220:tid 380] AH00094: Command line: 'C:\\xampp\\apache\\bin\\httpd.exe -d C:/xampp/apache'
[Sat Jul 05 06:14:26.730689 2025] [mpm_winnt:notice] [pid 21220:tid 380] AH00418: Parent: Created child process 6568
[Sat Jul 05 06:14:28.750149 2025] [ssl:warn] [pid 6568:tid 416] AH01909: www.example.com:443:0 server certificate does NOT include an ID which matches the server name
[Sat Jul 05 06:14:28.887452 2025] [ssl:warn] [pid 6568:tid 416] AH01909: www.example.com:443:0 server certificate does NOT include an ID which matches the server name
[Sat Jul 05 06:14:29.047492 2025] [mpm_winnt:notice] [pid 6568:tid 416] AH00354: Child: Starting 150 worker threads.
[Sat Jul 05 06:18:20.476756 2025] [ssl:warn] [pid 11528:tid 404] AH01909: www.example.com:443:0 server certificate does NOT include an ID which matches the server name
[Sat Jul 05 06:18:20.565479 2025] [ssl:warn] [pid 11528:tid 404] AH01909: www.example.com:443:0 server certificate does NOT include an ID which matches the server name
[Sat Jul 05 06:18:20.756115 2025] [mpm_winnt:notice] [pid 11528:tid 404] AH00455: Apache/2.4.58 (Win64) OpenSSL/3.1.3 PHP/8.2.12 configured -- resuming normal operations
[Sat Jul 05 06:18:20.756115 2025] [mpm_winnt:notice] [pid 11528:tid 404] AH00456: Apache Lounge VS17 Server built: Oct 18 2023 13:03:18
[Sat Jul 05 06:18:20.756115 2025] [core:notice] [pid 11528:tid 404] AH00094: Command line: 'c:\\xampp\\apache\\bin\\httpd.exe -d C:/xampp/apache'
[Sat Jul 05 06:18:20.767784 2025] [mpm_winnt:notice] [pid 11528:tid 404] AH00418: Parent: Created child process 17760
[Sat Jul 05 06:18:21.650340 2025] [ssl:warn] [pid 17760:tid 408] AH01909: www.example.com:443:0 server certificate does NOT include an ID which matches the server name
[Sat Jul 05 06:18:21.730108 2025] [ssl:warn] [pid 17760:tid 408] AH01909: www.example.com:443:0 server certificate does NOT include an ID which matches the server name
[Sat Jul 05 06:18:21.805222 2025] [mpm_winnt:notice] [pid 17760:tid 408] AH00354: Child: Starting 150 worker threads.
[Mon Jul 07 15:32:07.549571 2025] [ssl:warn] [pid 13568:tid 376] AH01909: www.example.com:443:0 server certificate does NOT include an ID which matches the server name
[Mon Jul 07 15:32:07.642142 2025] [core:warn] [pid 13568:tid 376] AH00098: pid file C:/xampp/apache/logs/httpd.pid overwritten -- Unclean shutdown of previous Apache run?
[Mon Jul 07 15:32:07.645129 2025] [ssl:warn] [pid 13568:tid 376] AH01909: www.example.com:443:0 server certificate does NOT include an ID which matches the server name
[Mon Jul 07 15:32:08.753732 2025] [mpm_winnt:notice] [pid 13568:tid 376] AH00455: Apache/2.4.58 (Win64) OpenSSL/3.1.3 PHP/8.2.12 configured -- resuming normal operations
[Mon Jul 07 15:32:08.753732 2025] [mpm_winnt:notice] [pid 13568:tid 376] AH00456: Apache Lounge VS17 Server built: Oct 18 2023 13:03:18
[Mon Jul 07 15:32:08.753732 2025] [core:notice] [pid 13568:tid 376] AH00094: Command line: 'c:\\xampp\\apache\\bin\\httpd.exe -d C:/xampp/apache'
[Mon Jul 07 15:32:08.759867 2025] [mpm_winnt:notice] [pid 13568:tid 376] AH00418: Parent: Created child process 5352
[Mon Jul 07 15:32:09.617088 2025] [ssl:warn] [pid 5352:tid 392] AH01909: www.example.com:443:0 server certificate does NOT include an ID which matches the server name
[Mon Jul 07 15:32:09.694684 2025] [ssl:warn] [pid 5352:tid 392] AH01909: www.example.com:443:0 server certificate does NOT include an ID which matches the server name
[Mon Jul 07 15:32:09.777095 2025] [mpm_winnt:notice] [pid 5352:tid 392] AH00354: Child: Starting 150 worker threads.
